<?xml version="1.0" encoding="UTF-8"?>
<!-- Generated by org.testng.reporters.JUnitReportReporter -->
<testsuite skipped="0" hostname="Giridhars-MacBook-Air.local" name="com.testautomation.TestScripts.Demo1" tests="1" failures="0" timestamp="23 May 2019 16:53:46 GMT" time="183.490" errors="0">
  <testcase name="Test1" time="183.490" classname="com.testautomation.TestScripts.Demo1"/>
</testsuite> <!-- com.testautomation.TestScripts.Demo1 -->
